<?xml version="1.0" encoding="UTF-8"?>
<!-- Generated by org.testng.reporters.JUnitReportReporter -->
<testsuite hostname="LAPTOP-QMLJP549" name="script.AddEmpTest" tests="1" failures="0" timestamp="25 Jun 2019 15:13:12 GMT" time="65.324" errors="0">
  <testcase name="Addemptest" time="65.324" classname="script.AddEmpTest"/>
</testsuite> <!-- script.AddEmpTest -->
