<?xml version="1.0" encoding="UTF-8"?>
<!-- Generated by org.testng.reporters.JUnitReportReporter -->
<testsuite hostname="LAPTOP-QMLJP549" name="script.LoginTest" tests="1" failures="0" timestamp="15 Sep 2019 12:37:16 GMT" time="123.145" errors="0">
  <testcase name="TCOH01testValidLogin" time="123.145" classname="script.LoginTest"/>
</testsuite> <!-- script.LoginTest -->
