<?xml version="1.0" encoding="UTF-8"?>
<!-- Generated by org.testng.reporters.JUnitReportReporter -->
<testsuite hostname="LAPTOP-QMLJP549" name="script.ToCheckLoginWithValidESSUserPassword" tests="1" failures="0" timestamp="2 Jul 2019 07:58:34 GMT" time="287.650" errors="0">
  <testcase name="testValidLogin" time="287.650" classname="script.ToCheckLoginWithValidESSUserPassword"/>
</testsuite> <!-- script.ToCheckLoginWithValidESSUserPassword -->
