<?xml version="1.0" encoding="UTF-8"?>
<!-- Generated by org.testng.reporters.JUnitReportReporter -->
<testsuite hostname="LAPTOP-QMLJP549" name="script.Demo" tests="1" failures="0" timestamp="27 Feb 2019 09:03:07 GMT" time="11.929" errors="0">
  <testcase name="testDemo" time="11.929" classname="script.Demo"/>
</testsuite> <!-- script.Demo -->
